<?xml version="1.0" encoding="UTF-8"?>
<testng-results ignored="0" total="3" passed="3" failed="0" skipped="0">
  <reporter-output>
  </reporter-output>
  <suite started-at="2022-08-10T12:42:09 EDT" name="Default suite" finished-at="2022-08-10T12:42:54 EDT" duration-ms="44388">
    <groups>
    </groups>
    <test started-at="2022-08-10T12:42:09 EDT" name="Default test" finished-at="2022-08-10T12:42:54 EDT" duration-ms="44388">
      <class name="testNG.PriorityClass">
        <test-method signature="openingAmazonSite()[pri:1, instance:testNG.PriorityClass@68e965f5]" started-at="2022-08-10T12:42:09 EDT" name="openingAmazonSite" finished-at="2022-08-10T12:42:25 EDT" duration-ms="15776" status="PASS">
          <reporter-output>
          </reporter-output>
        </test-method> <!-- openingAmazonSite -->
        <test-method signature="openingCNNBCSite()[pri:2, instance:testNG.PriorityClass@68e965f5]" started-at="2022-08-10T12:42:25 EDT" name="openingCNNBCSite" finished-at="2022-08-10T12:42:40 EDT" duration-ms="15071" status="PASS">
          <reporter-output>
          </reporter-output>
        </test-method> <!-- openingCNNBCSite -->
        <test-method signature="openingYahooSite()[pri:3, instance:testNG.PriorityClass@68e965f5]" started-at="2022-08-10T12:42:40 EDT" name="openingYahooSite" finished-at="2022-08-10T12:42:53 EDT" duration-ms="13439" status="PASS">
          <reporter-output>
          </reporter-output>
        </test-method> <!-- openingYahooSite -->
      </class> <!-- testNG.PriorityClass -->
    </test> <!-- Default test -->
  </suite> <!-- Default suite -->
</testng-results>
