<?xml version="1.0" encoding="UTF-8"?>
<testng-results ignored="0" total="3" passed="3" failed="0" skipped="0">
  <reporter-output>
  </reporter-output>
  <suite started-at="2022-08-24T00:01:54 EDT" name="Default suite" finished-at="2022-08-24T00:02:36 EDT" duration-ms="41860">
    <groups>
    </groups>
    <test started-at="2022-08-24T00:01:54 EDT" name="Default test" finished-at="2022-08-24T00:02:36 EDT" duration-ms="41860">
      <class name="testNG.PriorityClass">
        <test-method signature="openingAmazonSite()[pri:1, instance:testNG.PriorityClass@3315d2d7]" started-at="2022-08-24T00:01:54 EDT" name="openingAmazonSite" finished-at="2022-08-24T00:02:10 EDT" duration-ms="15824" status="PASS">
          <reporter-output>
          </reporter-output>
        </test-method> <!-- openingAmazonSite -->
        <test-method signature="openingCNNBCSite()[pri:2, instance:testNG.PriorityClass@3315d2d7]" started-at="2022-08-24T00:02:10 EDT" name="openingCNNBCSite" finished-at="2022-08-24T00:02:24 EDT" duration-ms="14558" status="PASS">
          <reporter-output>
          </reporter-output>
        </test-method> <!-- openingCNNBCSite -->
        <test-method signature="openingYahooSite()[pri:3, instance:testNG.PriorityClass@3315d2d7]" started-at="2022-08-24T00:02:24 EDT" name="openingYahooSite" finished-at="2022-08-24T00:02:36 EDT" duration-ms="11409" status="PASS">
          <reporter-output>
          </reporter-output>
        </test-method> <!-- openingYahooSite -->
      </class> <!-- testNG.PriorityClass -->
    </test> <!-- Default test -->
  </suite> <!-- Default suite -->
</testng-results>
