<?xml version="1.0" encoding="UTF-8"?>
<testng-results ignored="0" total="1" passed="1" failed="0" skipped="0">
  <reporter-output>
  </reporter-output>
  <suite started-at="2022-09-09T14:30:31 EDT" name="Default suite" finished-at="2022-09-09T14:31:48 EDT" duration-ms="76274">
    <groups>
    </groups>
    <test started-at="2022-09-09T14:30:31 EDT" name="Default test" finished-at="2022-09-09T14:31:48 EDT" duration-ms="76274">
      <class name="testNG.NewTestid04">
        <test-method signature="f()[pri:0, instance:testNG.NewTestid04@46fa7c39]" started-at="2022-09-09T14:30:32 EDT" name="f" finished-at="2022-09-09T14:31:48 EDT" duration-ms="76208" status="PASS">
          <reporter-output>
          </reporter-output>
        </test-method> <!-- f -->
      </class> <!-- testNG.NewTestid04 -->
    </test> <!-- Default test -->
  </suite> <!-- Default suite -->
</testng-results>
