<?xml version="1.0" encoding="UTF-8"?>
<!-- Generated by org.testng.reporters.JUnitXMLReporter -->
<testsuite ignored="0" hostname="Shahrins-Air.cable.rcn.com" failures="0" tests="3" name="Default test" time="41.86" errors="0" timestamp="2022-08-24T00:02:36 EDT">
  <testcase classname="testNG.PriorityClass" name="openingAmazonSite" time="15.824"/>
  <testcase classname="testNG.PriorityClass" name="openingCNNBCSite" time="14.558"/>
  <testcase classname="testNG.PriorityClass" name="openingYahooSite" time="11.409"/>
</testsuite> <!-- Default test -->
