<?xml version="1.0" encoding="UTF-8"?>
<!-- Generated by org.testng.reporters.JUnitXMLReporter -->
<testsuite ignored="0" hostname="Shahrins-Air.cable.rcn.com" failures="0" tests="3" name="Default test" time="44.388" errors="0" timestamp="2022-08-10T12:42:54 EDT">
  <testcase classname="testNG.PriorityClass" name="openingAmazonSite" time="15.776"/>
  <testcase classname="testNG.PriorityClass" name="openingCNNBCSite" time="15.071"/>
  <testcase classname="testNG.PriorityClass" name="openingYahooSite" time="13.439"/>
</testsuite> <!-- Default test -->
